[35m[Appium][39m Welcome to Appium v1.22.0
[35m[Appium][39m Non-default server args:
[35m[Appium][39m   port: 52215
[35m[Appium][39m   loglevel: info
[35m[Appium][39m   tmpDir: C:\Users\JESUS_~1\AppData\Local\Temp\\Katalon\Appium\Temp1635208899783
[35m[Appium][39m   chromedriverPort: 52216
[35m[Appium][39m Deprecated server args:
[35m[Appium][39m   [31m--chromedriver-port[39m => --default-capabilities
[35m[Appium][39m Default capabilities, which will be added to each request unless overridden by desired capabilities:
[35m[Appium][39m   chromedriverPort: 52216
[35m[Appium][39m Appium REST http interface listener started on 0.0.0.0:52215
[35m[HTTP][39m [37m-->[39m [37mGET[39m [37m/wd/hub/status[39m
[35m[HTTP][39m [90m{}[39m
[35m[HTTP][39m [37m<-- GET /wd/hub/status [39m[32m200[39m [90m4 ms - 68[39m
[35m[HTTP][39m [90m[39m
[35m[HTTP][39m [37m-->[39m [37mGET[39m [37m/wd/hub/status[39m
[35m[HTTP][39m [90m{}[39m
[35m[HTTP][39m [37m<-- GET /wd/hub/status [39m[32m200[39m [90m2 ms - 68[39m
[35m[HTTP][39m [90m[39m
[35m[HTTP][39m [37m-->[39m [37mPOST[39m [37m/wd/hub/session[39m
[35m[HTTP][39m [90m{"desiredCapabilities":{"app":"C:\\Users\\Jesus_Berbin\\Downloads\\bsol-preprod.apk","noReset":true,"deviceName":"samsung SM-A105M (Android 11)","fullReset":false,"platform":"ANDROID","newCommandTimeout":1800,"platformVersion":"11","automationName":"uiautomator2","autoGrantPermissions":true,"platformName":"Android","udid":"R28M42G369B","systemPort":52221},"capabilities":{"firstMatch":[{"appium:app":"C:\\Users\\Jesus_Berbin\\Downloads\\bsol-preprod.apk","appium:autoGrantPermissions":true,"appium:automationName":"uiautomator2","appium:deviceName":"samsung SM-A105M (Android 11)","appium:fullReset":false,"appium:newCommandTimeout":1800,"appium:noReset":true,"platform":"ANDROID","platformName":"android","appium:platformVersion":"11","appium:systemPort":52221,"appium:udid":"R28M42G369B"}]}}[39m
[35m[BaseDriver][39m The following capabilities are not standard capabilities and should have an extension prefix:
[35m[BaseDriver][39m   platform
[35m[BaseDriver][39m   chromedriverPort
[35m[Appium][39m Appium v1.22.0 creating new AndroidUiautomator2Driver (v1.69.0) session
[35m[BaseDriver][39m The following capabilities were provided, but are not recognized by Appium:
[35m[BaseDriver][39m   platform
[35m[BaseDriver][39m Session created with session id: e03db349-dfff-4f33-a17b-920f0632bb5d
[35m[BaseDriver][39m Using local app 'C:\Users\Jesus_Berbin\Downloads\bsol-preprod.apk'
[35m[ADB][39m Found 1 'build-tools' folders under 'C:\Users\Jesus_Berbin\AppData\Local\Android\Sdk' (newest first):
[35m[ADB][39m     C:/Users/Jesus_Berbin/AppData/Local/Android/Sdk/build-tools/31.0.0
[35m[ADB][39m Using 'adb.exe' from 'C:\Users\Jesus_Berbin\AppData\Local\Android\Sdk\platform-tools\adb.exe'
[35m[AndroidDriver][39m Retrieving device list
[35m[AndroidDriver][39m Using device: R28M42G369B
[35m[ADB][39m Using 'adb.exe' from 'C:\Users\Jesus_Berbin\AppData\Local\Android\Sdk\platform-tools\adb.exe'
[35m[ADB][39m Getting device platform version
[35m[UiAutomator2][39m Relaxing hidden api policy
[35m[ADB][39m Package name: 'tsmbo.bancosolapk.presentacion.preprod'
[35m[ADB][39m Main activity name: 'tsmbo.bancosolapk.presentacion.MainActivity'
[35m[ADB][39m Using 'apksigner.jar' from 'C:\Users\Jesus_Berbin\AppData\Local\Android\Sdk\build-tools\31.0.0\lib\apksigner.jar'
[35m[ADB][39m 'C:\Users\Jesus_Berbin\AppData\Roaming\npm\node_modules\appium\node_modules\appium-uiautomator2-server\apks\appium-uiautomator2-server-v4.24.0.apk' is signed with the default certificate
[35m[ADB][39m 'C:\Users\Jesus_Berbin\AppData\Roaming\npm\node_modules\appium\node_modules\appium-uiautomator2-server\apks\appium-uiautomator2-server-debug-androidTest.apk' is signed with the default certificate
[35m[UiAutomator2][39m Server packages are not going to be (re)installed
[35m[ADB][39m Adding packages ["io.appium.settings","io.appium.uiautomator2.server","io.appium.uiautomator2.server.test"] to Doze whitelist
[35m[ADB][39m 'C:\Users\Jesus_Berbin\Downloads\bsol-preprod.apk' is signed with a non-default certificate
[35m[UiAutomator2][39m Starting UIAutomator2 server 4.24.0
[35m[UiAutomator2][39m Using UIAutomator2 server from 'C:\Users\Jesus_Berbin\AppData\Roaming\npm\node_modules\appium\node_modules\appium-uiautomator2-server\apks\appium-uiautomator2-server-v4.24.0.apk' and test from 'C:\Users\Jesus_Berbin\AppData\Roaming\npm\node_modules\appium\node_modules\appium-uiautomator2-server\apks\appium-uiautomator2-server-debug-androidTest.apk'
[35m[UiAutomator2][39m Waiting up to 30000ms for UiAutomator2 to be online...
[35m[WD Proxy][39m socket hang up
[35m[WD Proxy][39m socket hang up
[35m[WD Proxy][39m socket hang up
[35m[WD Proxy][39m socket hang up
[35m[WD Proxy][39m Determined the downstream protocol as 'W3C'
[35m[AndroidDriver][39m Screen already unlocked, doing nothing
[35m[UiAutomator2][39m Starting 'tsmbo.bancosolapk.presentacion.preprod/tsmbo.bancosolapk.presentacion.MainActivity and waiting for 'tsmbo.bancosolapk.presentacion.preprod/tsmbo.bancosolapk.presentacion.MainActivity'
[35m[Appium][39m New AndroidUiautomator2Driver session created successfully, session e03db349-dfff-4f33-a17b-920f0632bb5d added to master session list
[35m[HTTP][39m [37m<-- POST /wd/hub/session [39m[32m200[39m [90m11585 ms - 1276[39m
[35m[HTTP][39m [90m[39m
[35m[HTTP][39m [37m-->[39m [37mGET[39m [37m/wd/hub/session/e03db349-dfff-4f33-a17b-920f0632bb5d[39m
[35m[HTTP][39m [90m{}[39m
[35m[HTTP][39m [37m<-- GET /wd/hub/session/e03db349-dfff-4f33-a17b-920f0632bb5d [39m[32m200[39m [90m23 ms - 1230[39m
[35m[HTTP][39m [90m[39m
[35m[HTTP][39m [37m-->[39m [37mGET[39m [37m/wd/hub/session/e03db349-dfff-4f33-a17b-920f0632bb5d[39m
[35m[HTTP][39m [90m{}[39m
[35m[HTTP][39m [37m<-- GET /wd/hub/session/e03db349-dfff-4f33-a17b-920f0632bb5d [39m[32m200[39m [90m21 ms - 1230[39m
[35m[HTTP][39m [90m[39m
[35m[HTTP][39m [37m-->[39m [37mGET[39m [37m/wd/hub/status[39m
[35m[HTTP][39m [90m{}[39m
[35m[HTTP][39m [37m<-- GET /wd/hub/status [39m[32m200[39m [90m1 ms - 68[39m
[35m[HTTP][39m [90m[39m
[35m[HTTP][39m [37m-->[39m [37mPOST[39m [37m/wd/hub/session/e03db349-dfff-4f33-a17b-920f0632bb5d/timeouts[39m
[35m[HTTP][39m [90m{"implicit":60000}[39m
[35m[HTTP][39m [37m<-- POST /wd/hub/session/e03db349-dfff-4f33-a17b-920f0632bb5d/timeouts [39m[32m200[39m [90m2 ms - 14[39m
[35m[HTTP][39m [90m[39m
[35m[HTTP][39m [37m-->[39m [37mGET[39m [37m/wd/hub/session/e03db349-dfff-4f33-a17b-920f0632bb5d/source[39m
[35m[HTTP][39m [90m{}[39m
[35m[W3C (e03db349)][39m Driver proxy active, passing request on via HTTP proxy
[35m[WD Proxy][39m Replacing sessionId b14d9c19-e284-4c7a-b61a-9e358e2fb7ba with e03db349-dfff-4f33-a17b-920f0632bb5d
[35m[HTTP][39m [37m<-- GET /wd/hub/session/e03db349-dfff-4f33-a17b-920f0632bb5d/source [39m[32m200[39m [90m1110 ms - 6601[39m
[35m[HTTP][39m [90m[39m
[35m[HTTP][39m [37m-->[39m [37mGET[39m [37m/wd/hub/session/e03db349-dfff-4f33-a17b-920f0632bb5d/screenshot[39m
[35m[HTTP][39m [90m{}[39m
[35m[HTTP][39m [37m<-- GET /wd/hub/session/e03db349-dfff-4f33-a17b-920f0632bb5d/screenshot [39m[32m200[39m [90m988 ms - 262856[39m
[35m[HTTP][39m [90m[39m
[35m[HTTP][39m [37m-->[39m [37mPOST[39m [37m/wd/hub/session/e03db349-dfff-4f33-a17b-920f0632bb5d/elements[39m
[35m[HTTP][39m [90m{"using":"xpath","value":"//*[@class = 'android.view.View' and @resource-id = '' and (@text = '' or . = '')]"}[39m
[35m[HTTP][39m [37m<-- POST /wd/hub/session/e03db349-dfff-4f33-a17b-920f0632bb5d/elements [39m[32m200[39m [90m250 ms - 1035[39m
[35m[HTTP][39m [90m[39m
[35m[HTTP][39m [37m-->[39m [37mPOST[39m [37m/wd/hub/session/e03db349-dfff-4f33-a17b-920f0632bb5d/elements[39m
[35m[HTTP][39m [90m{"using":"accessibility id","value":"Recomendación de ubicación\nPara una mejor experiencia en algunas funciones de la aplicación te recomendamos dar permisos de ubicación y encender tu GPS.\nContinuar"}[39m
[35m[HTTP][39m [37m<-- POST /wd/hub/session/e03db349-dfff-4f33-a17b-920f0632bb5d/elements [39m[32m200[39m [90m42 ms - 139[39m
[35m[HTTP][39m [90m[39m
[35m[HTTP][39m [37m-->[39m [37mPOST[39m [37m/wd/hub/session/e03db349-dfff-4f33-a17b-920f0632bb5d/timeouts[39m
[35m[HTTP][39m [90m{"implicit":1000}[39m
[35m[HTTP][39m [37m<-- POST /wd/hub/session/e03db349-dfff-4f33-a17b-920f0632bb5d/timeouts [39m[32m200[39m [90m2 ms - 14[39m
[35m[HTTP][39m [90m[39m
[35m[HTTP][39m [37m-->[39m [37mPOST[39m [37m/wd/hub/session/e03db349-dfff-4f33-a17b-920f0632bb5d/elements[39m
[35m[HTTP][39m [90m{"using":"-android uiautomator","value":"new UiSelector().text(\"Continuar)"}[39m
[35m[WD Proxy][39m Got response with status 400: {"sessionId":"b14d9c19-e284-4c7a-b61a-9e358e2fb7ba","value":{"error":"invalid selector","message":"Could not parse selector expression `new UiSelector().text(\"Continuar)`: Unclosed paren in expression","stacktrace":"io.appium.uiautomator2.common.exceptions.UiSelectorSyntaxException: Could not parse selector expression `new UiSelector().text(\"Continuar)`: Unclosed paren in expression\n\tat io.appium.uiautomator2.utils.UiExpressionParser.consumeMethodParameters(UiExpressionParser.java:155)\n\tat io.appium.uiautomator2.utils.UiExpressionParser.consumeMethodCall(UiExpressionParser.java:181)\n\tat io.appium.uiautomator2.utils.UiSelectorParser.parse(UiSelectorParser.java:53)\n\tat io.appium.uiautomator2.utils.UiAutomatorParser.consumeStatement(UiAutomatorParser.java:94)\n\tat io.appium.uiautomator2.utils.UiAutomatorParser.parse(UiAutomatorParser.java:47)\n\tat io.appium.uiautomator2.utils.ElementLocationHelpers.toSelectors(ElementLocationHelpers.java:127)\n\tat io.appium.uiautomator2.utils.ByUiAutomatorFinder....
[35m[HTTP][39m [37m<-- POST /wd/hub/session/e03db349-dfff-4f33-a17b-920f0632bb5d/elements [39m[33m400[39m [90m208 ms - 4680[39m
[35m[HTTP][39m [90m[39m
[35m[HTTP][39m [37m-->[39m [37mPOST[39m [37m/wd/hub/session/e03db349-dfff-4f33-a17b-920f0632bb5d/timeouts[39m
[35m[HTTP][39m [90m{"implicit":1000}[39m
[35m[HTTP][39m [37m<-- POST /wd/hub/session/e03db349-dfff-4f33-a17b-920f0632bb5d/timeouts [39m[32m200[39m [90m1 ms - 14[39m
[35m[HTTP][39m [90m[39m
[35m[HTTP][39m [37m-->[39m [37mPOST[39m [37m/wd/hub/session/e03db349-dfff-4f33-a17b-920f0632bb5d/elements[39m
[35m[HTTP][39m [90m{"using":"-android uiautomator","value":"new UiSelector().description(\"Continuar)"}[39m
[35m[WD Proxy][39m Got response with status 400: {"sessionId":"b14d9c19-e284-4c7a-b61a-9e358e2fb7ba","value":{"error":"invalid selector","message":"Could not parse selector expression `new UiSelector().description(\"Continuar)`: Unclosed paren in expression","stacktrace":"io.appium.uiautomator2.common.exceptions.UiSelectorSyntaxException: Could not parse selector expression `new UiSelector().description(\"Continuar)`: Unclosed paren in expression\n\tat io.appium.uiautomator2.utils.UiExpressionParser.consumeMethodParameters(UiExpressionParser.java:155)\n\tat io.appium.uiautomator2.utils.UiExpressionParser.consumeMethodCall(UiExpressionParser.java:181)\n\tat io.appium.uiautomator2.utils.UiSelectorParser.parse(UiSelectorParser.java:53)\n\tat io.appium.uiautomator2.utils.UiAutomatorParser.consumeStatement(UiAutomatorParser.java:94)\n\tat io.appium.uiautomator2.utils.UiAutomatorParser.parse(UiAutomatorParser.java:47)\n\tat io.appium.uiautomator2.utils.ElementLocationHelpers.toSelectors(ElementLocationHelpers.java:127)\n\tat io.appium.uiautomator2.utils.ByUiAu...
[35m[HTTP][39m [37m<-- POST /wd/hub/session/e03db349-dfff-4f33-a17b-920f0632bb5d/elements [39m[33m400[39m [90m240 ms - 4694[39m
[35m[HTTP][39m [90m[39m
[35m[HTTP][39m [37m-->[39m [37mPOST[39m [37m/wd/hub/session/e03db349-dfff-4f33-a17b-920f0632bb5d/timeouts[39m
[35m[HTTP][39m [90m{"implicit":1000}[39m
[35m[HTTP][39m [37m<-- POST /wd/hub/session/e03db349-dfff-4f33-a17b-920f0632bb5d/timeouts [39m[32m200[39m [90m1 ms - 14[39m
[35m[HTTP][39m [90m[39m
[35m[HTTP][39m [37m-->[39m [37mPOST[39m [37m/wd/hub/session/e03db349-dfff-4f33-a17b-920f0632bb5d/elements[39m
[35m[HTTP][39m [90m{"using":"-android uiautomator","value":"new UiSelector().description(\"Continuar\")"}[39m
[35m[HTTP][39m [37m<-- POST /wd/hub/session/e03db349-dfff-4f33-a17b-920f0632bb5d/elements [39m[32m200[39m [90m1071 ms - 12[39m
[35m[HTTP][39m [90m[39m
[35m[HTTP][39m [37m-->[39m [37mPOST[39m [37m/wd/hub/session/e03db349-dfff-4f33-a17b-920f0632bb5d/timeouts[39m
[35m[HTTP][39m [90m{"implicit":1000}[39m
[35m[HTTP][39m [37m<-- POST /wd/hub/session/e03db349-dfff-4f33-a17b-920f0632bb5d/timeouts [39m[32m200[39m [90m1 ms - 14[39m
[35m[HTTP][39m [90m[39m
[35m[HTTP][39m [37m-->[39m [37mPOST[39m [37m/wd/hub/session/e03db349-dfff-4f33-a17b-920f0632bb5d/elements[39m
[35m[HTTP][39m [90m{"using":"-android uiautomator","value":"new UiSelector().description(\"Continuar\")"}[39m
[35m[HTTP][39m [37m<-- POST /wd/hub/session/e03db349-dfff-4f33-a17b-920f0632bb5d/elements [39m[32m200[39m [90m1080 ms - 12[39m
[35m[HTTP][39m [90m[39m
[35m[HTTP][39m [37m-->[39m [37mPOST[39m [37m/wd/hub/session/e03db349-dfff-4f33-a17b-920f0632bb5d/timeouts[39m
[35m[HTTP][39m [90m{"implicit":1000}[39m
[35m[HTTP][39m [37m<-- POST /wd/hub/session/e03db349-dfff-4f33-a17b-920f0632bb5d/timeouts [39m[32m200[39m [90m2 ms - 14[39m
[35m[HTTP][39m [90m[39m
[35m[HTTP][39m [37m-->[39m [37mPOST[39m [37m/wd/hub/session/e03db349-dfff-4f33-a17b-920f0632bb5d/elements[39m
[35m[HTTP][39m [90m{"using":"-android uiautomator","value":"new UiSelector().text(\"Continuar\")"}[39m
[35m[HTTP][39m [37m<-- POST /wd/hub/session/e03db349-dfff-4f33-a17b-920f0632bb5d/elements [39m[32m200[39m [90m1053 ms - 12[39m
[35m[HTTP][39m [90m[39m
[35m[HTTP][39m [37m-->[39m [37mPOST[39m [37m/wd/hub/session/e03db349-dfff-4f33-a17b-920f0632bb5d/timeouts[39m
[35m[HTTP][39m [90m{"implicit":1000}[39m
[35m[HTTP][39m [37m<-- POST /wd/hub/session/e03db349-dfff-4f33-a17b-920f0632bb5d/timeouts [39m[32m200[39m [90m1 ms - 14[39m
[35m[HTTP][39m [90m[39m
[35m[HTTP][39m [37m-->[39m [37mPOST[39m [37m/wd/hub/session/e03db349-dfff-4f33-a17b-920f0632bb5d/elements[39m
[35m[HTTP][39m [90m{"using":"-android uiautomator","value":"new UiSelector().text(\"Continuar\")"}[39m
[35m[HTTP][39m [37m<-- POST /wd/hub/session/e03db349-dfff-4f33-a17b-920f0632bb5d/elements [39m[32m200[39m [90m1055 ms - 12[39m
[35m[HTTP][39m [90m[39m
[35m[HTTP][39m [37m-->[39m [37mGET[39m [37m/wd/hub/session/e03db349-dfff-4f33-a17b-920f0632bb5d/source[39m
[35m[HTTP][39m [90m{}[39m
[35m[W3C (e03db349)][39m Driver proxy active, passing request on via HTTP proxy
[35m[WD Proxy][39m Replacing sessionId b14d9c19-e284-4c7a-b61a-9e358e2fb7ba with e03db349-dfff-4f33-a17b-920f0632bb5d
[35m[HTTP][39m [37m<-- GET /wd/hub/session/e03db349-dfff-4f33-a17b-920f0632bb5d/source [39m[32m200[39m [90m202 ms - 11925[39m
[35m[HTTP][39m [90m[39m
[35m[HTTP][39m [37m-->[39m [37mGET[39m [37m/wd/hub/session/e03db349-dfff-4f33-a17b-920f0632bb5d/screenshot[39m
[35m[HTTP][39m [90m{}[39m
[35m[HTTP][39m [37m<-- GET /wd/hub/session/e03db349-dfff-4f33-a17b-920f0632bb5d/screenshot [39m[32m200[39m [90m1389 ms - 455126[39m
[35m[HTTP][39m [90m[39m
[35m[HTTP][39m [37m-->[39m [37mPOST[39m [37m/wd/hub/session/e03db349-dfff-4f33-a17b-920f0632bb5d/elements[39m
[35m[HTTP][39m [90m{"using":"xpath","value":"//*[@class = 'android.widget.EditText' and (@text = 'Usuario' or . = 'Usuario') and @resource-id = '']"}[39m
[35m[HTTP][39m [37m<-- POST /wd/hub/session/e03db349-dfff-4f33-a17b-920f0632bb5d/elements [39m[32m200[39m [90m151 ms - 139[39m
[35m[HTTP][39m [90m[39m
[35m[HTTP][39m [37m-->[39m [37mPOST[39m [37m/wd/hub/session/e03db349-dfff-4f33-a17b-920f0632bb5d/elements[39m
[35m[HTTP][39m [90m{"using":"xpath","value":"//*[@class = 'android.widget.EditText' and (@text = 'Contraseña' or . = 'Contraseña') and @resource-id = '']"}[39m
[35m[HTTP][39m [37m<-- POST /wd/hub/session/e03db349-dfff-4f33-a17b-920f0632bb5d/elements [39m[32m200[39m [90m123 ms - 139[39m
[35m[HTTP][39m [90m[39m
[35m[HTTP][39m [37m-->[39m [37mPOST[39m [37m/wd/hub/session/e03db349-dfff-4f33-a17b-920f0632bb5d/elements[39m
[35m[HTTP][39m [90m{"using":"xpath","value":"//*[@class = 'android.view.View' and @resource-id = '' and (@text = '' or . = '')]"}[39m
[35m[HTTP][39m [37m<-- POST /wd/hub/session/e03db349-dfff-4f33-a17b-920f0632bb5d/elements [39m[32m200[39m [90m136 ms - 1931[39m
[35m[HTTP][39m [90m[39m
[35m[HTTP][39m [37m-->[39m [37mPOST[39m [37m/wd/hub/session/e03db349-dfff-4f33-a17b-920f0632bb5d/elements[39m
[35m[HTTP][39m [90m{"using":"accessibility id","value":"Ingresar"}[39m
[35m[HTTP][39m [37m<-- POST /wd/hub/session/e03db349-dfff-4f33-a17b-920f0632bb5d/elements [39m[32m200[39m [90m25 ms - 139[39m
[35m[HTTP][39m [90m[39m
[35m[HTTP][39m [37m-->[39m [37mPOST[39m [37m/wd/hub/session/e03db349-dfff-4f33-a17b-920f0632bb5d/elements[39m
[35m[HTTP][39m [90m{"using":"xpath","value":"//*[@class = 'android.widget.CheckBox' and @resource-id = '' and (@text = '' or . = '')]"}[39m
[35m[HTTP][39m [37m<-- POST /wd/hub/session/e03db349-dfff-4f33-a17b-920f0632bb5d/elements [39m[32m200[39m [90m161 ms - 139[39m
[35m[HTTP][39m [90m[39m
[35m[BaseDriver][39m Shutting down because we waited 1800 seconds for a command
[35m[Appium][39m Closing session, cause was 'New Command Timeout of 1800 seconds expired. Try customizing the timeout using the 'newCommandTimeout' desired capability'
[35m[Appium][39m Removing session 'e03db349-dfff-4f33-a17b-920f0632bb5d' from our master session list
[35m[UiAutomator2][39m Did not get confirmation UiAutomator2 deleteSession worked; Error was: UnknownError: An unknown server-side error occurred while processing the command. Original error: 'DELETE /' cannot be proxied to UiAutomator2 server because the instrumentation process is not running (probably crashed). Check the server log and/or the logcat output for more details
[35m[UiAutomator2][39m Restoring hidden api policy to the device default configuration
